<?xml version="1.0" encoding="UTF-8"?>
<testng-results skipped="0" failed="0" ignored="0" total="1" passed="1">
  <reporter-output>
  </reporter-output>
  <suite name="Suite" duration-ms="4732" started-at="2021-05-12T20:35:27Z" finished-at="2021-05-12T20:35:31Z">
    <groups>
    </groups>
    <test name="Test" duration-ms="4732" started-at="2021-05-12T20:35:27Z" finished-at="2021-05-12T20:35:31Z">
      <class name="testCases.getDictionaryWords">
        <test-method status="PASS" signature="getDictionaryWord()[pri:0, instance:testCases.getDictionaryWords@70be0a2b]" name="getDictionaryWord" duration-ms="4681" started-at="2021-05-12T20:35:27Z" finished-at="2021-05-12T20:35:31Z">
          <reporter-output>
          </reporter-output>
        </test-method> <!-- getDictionaryWord -->
      </class> <!-- testCases.getDictionaryWords -->
    </test> <!-- Test -->
  </suite> <!-- Suite -->
</testng-results>
